2024-08-28 15:20:56,236 - INFO - This message just shows basin info
2024-08-28 15:20:56,236 - WARNING - This message is about something you should pay attention
2024-08-28 15:20:56,237 - ERROR - This message helps to debug an error that occurred in your program
2024-08-28 15:21:45,343 - DEBUG - This message is important only when debugging
2024-08-28 15:21:45,343 - INFO - This message just shows basin info
2024-08-28 15:21:45,343 - WARNING - This message is about something you should pay attention
2024-08-28 15:21:45,343 - ERROR - This message helps to debug an error that occurred in your program
2024-08-28 15:24:16,676 - INFO - This message just shows basin info
2024-08-28 15:24:16,676 - WARNING - This message is about something you should pay attention
2024-08-28 15:24:16,677 - ERROR - This message helps to debug an error that occurred in your program
2024-08-28 15:24:46,492 - INFO - This message just shows basin info
2024-08-28 15:24:46,492 - WARNING - This message is about something you should pay attention
2024-08-28 15:24:46,492 - ERROR - This message helps to debug an error that occurred in your program
2024-08-28 15:24:46,492 - INFO - Hello from Binance connector
2024-08-29 19:08:45,451 - INFO - BinanceFuturesClient initialized
2024-08-29 19:09:23,118 - INFO - BinanceFuturesClient initialized
2024-08-29 19:10:10,189 - INFO - BinanceFuturesClient initialized
2024-08-29 19:12:26,694 - INFO - BinanceFuturesClient initialized
2024-08-30 18:03:15,986 - INFO - BinanceFuturesClient initialized
2024-08-30 18:04:29,794 - INFO - BinanceFuturesClient initialized
2024-08-30 18:05:13,179 - INFO - BinanceFuturesClient initialized
2024-08-30 18:06:34,092 - INFO - BinanceFuturesClient initialized
2024-08-30 18:09:11,764 - INFO - BinanceFuturesClient initialized
2024-08-30 18:09:12,307 - ERROR - Error while making GET request to /fapi/v1/account: {'code': -5000, 'msg': 'GET /fapi/v1/account is retired, please use GET /fapi/v2/account'} (error code: 400)
2024-08-30 18:09:43,707 - INFO - BinanceFuturesClient initialized
2024-08-30 18:13:24,273 - INFO - BinanceFuturesClient initialized
2024-08-30 18:45:01,775 - INFO - BinanceFuturesClient initialized
2024-08-30 18:45:03,213 - ERROR - Error while making POST request to /fapi/v1/order: {'code': -1022, 'msg': 'Signature for this request is not valid.'} (error code: 400)
2024-08-30 18:46:07,057 - INFO - BinanceFuturesClient initialized
2024-08-30 18:47:17,878 - INFO - BinanceFuturesClient initialized
2024-08-30 18:49:44,586 - INFO - BinanceFuturesClient initialized
2024-08-30 18:51:11,630 - INFO - BinanceFuturesClient initialized
2024-08-30 18:51:49,579 - INFO - BinanceFuturesClient initialized
2024-08-31 15:07:17,286 - INFO - BinanceFuturesClient initialized
2024-08-31 15:08:31,357 - ERROR - Binance connection error: scheme http is invalid
2024-08-31 15:08:31,357 - WARNING - Binance Websocket connection closed
2024-08-31 15:08:31,358 - INFO - BinanceFuturesClient initialized
2024-08-31 15:08:32,509 - ERROR - Binance connection error: scheme http is invalid
2024-08-31 15:08:32,510 - WARNING - Binance Websocket connection closed
2024-08-31 15:12:44,755 - ERROR - Binance connection error: scheme http is invalid
2024-08-31 15:12:44,756 - WARNING - Binance Websocket connection closed
2024-08-31 15:12:44,756 - INFO - BinanceFuturesClient initialized
2024-08-31 15:12:45,900 - ERROR - Binance connection error: scheme http is invalid
2024-08-31 15:12:45,900 - WARNING - Binance Websocket connection closed
2024-08-31 15:18:25,724 - INFO - Binance Websocket connection opened
2024-08-31 15:18:35,735 - ERROR - Binance connection error: 
2024-08-31 15:18:35,999 - WARNING - Binance Websocket connection closed
2024-08-31 15:18:36,000 - INFO - BinanceFuturesClient initialized
2024-08-31 15:18:51,562 - INFO - Binance Websocket connection opened
2024-08-31 15:19:01,566 - ERROR - Binance connection error: 
2024-08-31 15:19:01,827 - WARNING - Binance Websocket connection closed
2024-08-31 15:19:01,829 - INFO - BinanceFuturesClient initialized
2024-08-31 15:19:02,965 - INFO - Binance Websocket connection opened
2024-09-02 19:21:34,013 - INFO - BinanceFuturesClient initialized
2024-09-02 19:21:36,188 - INFO - Binance Websocket connection opened
2024-09-02 19:21:36,461 - WARNING - Binance Websocket connection closed
2024-09-02 19:38:08,381 - INFO - BinanceFuturesClient initialized
2024-09-02 19:38:20,986 - INFO - Binance Websocket connection opened
2024-09-02 19:38:21,248 - WARNING - Binance Websocket connection closed
2024-09-02 19:54:16,774 - INFO - BinanceFuturesClient initialized
2024-09-02 19:54:29,483 - INFO - Binance Websocket connection opened
2024-09-02 19:54:29,745 - WARNING - Binance Websocket connection closed
2024-09-02 19:55:57,522 - INFO - BinanceFuturesClient initialized
2024-09-02 19:55:59,179 - INFO - Binance Websocket connection opened
2024-09-02 19:55:59,438 - WARNING - Binance Websocket connection closed
2024-09-02 19:56:26,545 - INFO - BinanceFuturesClient initialized
2024-09-02 19:56:28,233 - INFO - Binance Websocket connection opened
2024-09-02 19:56:28,234 - ERROR - error from callback <bound method BinanceFuturesClient.on_open of <connectors.binance_futures.BinanceFuturesClient object at 0x000001EE0AEE92B0>>: unsupported operand type(s) for +=: 'dict' and 'bytes'
2024-09-02 19:58:27,862 - INFO - BinanceFuturesClient initialized
2024-09-02 19:58:29,639 - INFO - Binance Websocket connection opened
2024-09-02 19:58:29,896 - WARNING - Binance Websocket connection closed
2024-09-03 12:38:58,499 - INFO - BinanceFuturesClient initialized
2024-09-03 12:39:00,627 - INFO - Binance Websocket connection opened
2024-09-03 12:40:37,142 - INFO - BinanceFuturesClient initialized
2024-09-03 12:40:38,840 - INFO - Binance Websocket connection opened
2024-09-04 12:58:10,229 ERROR :: Error while making GET request to /fapi/v1/account: {'code': -5000, 'msg': 'GET /fapi/v1/account is retired, please use GET /fapi/v2/account'} (error code 400)
2024-09-04 12:58:10,231 INFO :: Binance Futures Client successfully initialized
2024-09-04 12:58:22,424 INFO :: Binance connection opened
2024-09-04 13:01:30,968 INFO :: Binance Futures Client successfully initialized
2024-09-04 13:01:32,156 INFO :: Binance connection opened
2024-09-04 13:02:38,172 INFO :: Binance Futures Client successfully initialized
2024-09-04 13:02:39,339 INFO :: Binance connection opened
2024-09-04 13:03:32,476 INFO :: Binance Futures Client successfully initialized
2024-09-04 13:03:33,661 INFO :: Binance connection opened
2024-09-04 16:27:04,634 ERROR :: Error while making GET request to /fapi/v1/account: {'code': -2014, 'msg': 'API-key format invalid.'} (error code 401)
2024-09-04 16:27:04,636 INFO :: Binance Futures Client successfully initialized
2024-09-04 16:27:05,593 INFO :: Bitmex Client successfully initialized
2024-09-04 16:27:05,798 INFO :: Binance connection opened
2024-09-04 16:28:41,444 ERROR :: Error while making GET request to /fapi/v1/account: {'code': -2014, 'msg': 'API-key format invalid.'} (error code 401)
2024-09-04 16:28:41,447 INFO :: Binance Futures Client successfully initialized
2024-09-04 16:28:42,621 INFO :: Binance connection opened
2024-09-04 16:28:48,901 ERROR :: Error while making GET request to /fapi/v1/account: {'code': -2014, 'msg': 'API-key format invalid.'} (error code 401)
2024-09-04 16:28:48,903 INFO :: Binance Futures Client successfully initialized
2024-09-04 16:28:49,695 INFO :: Bitmex Client successfully initialized
2024-09-04 16:28:50,018 INFO :: Binance connection opened
2024-09-24 14:29:33,146 DEBUG :: Setting singleton dispatcher as <telegram.ext.dispatcher.Dispatcher object at 0x000002829B48D528>
2024-09-24 14:29:33,147 INFO :: Scheduler started
2024-09-24 14:29:33,148 DEBUG :: Looking for jobs to run
2024-09-24 14:29:33,148 DEBUG :: Entering: get_me
2024-09-24 14:29:33,149 DEBUG :: No jobs; waiting until a job is added
2024-09-24 14:29:33,405 DEBUG :: {'id': 7246668520, 'username': 'g00n3r_bot', 'can_read_all_group_messages': False, 'first_name': 'g00n3r_bot', 'supports_inline_queries': False, 'is_bot': True, 'can_join_groups': True}
2024-09-24 14:29:33,405 DEBUG :: Exiting: get_me
2024-09-24 14:29:33,406 DEBUG :: Bot:7246668520:dispatcher - started
2024-09-24 14:29:33,406 DEBUG :: Bot:7246668520:updater - started
2024-09-24 14:29:33,406 DEBUG :: Waiting for Dispatcher and polling to start
2024-09-24 14:29:33,406 DEBUG :: Updater thread started (polling)
2024-09-24 14:29:33,407 DEBUG :: Start network loop retry bootstrap del webhook
2024-09-24 14:29:33,407 DEBUG :: Deleting webhook
2024-09-24 14:29:33,407 DEBUG :: Dispatcher started
2024-09-24 14:29:33,407 DEBUG :: Entering: delete_webhook
2024-09-24 14:29:33,455 DEBUG :: True
2024-09-24 14:29:33,455 DEBUG :: Exiting: delete_webhook
2024-09-24 14:29:33,455 DEBUG :: Bootstrap done
2024-09-24 14:29:33,455 DEBUG :: Start network loop retry getting Updates
2024-09-24 14:29:33,455 DEBUG :: Entering: get_updates
2024-09-24 14:29:43,509 DEBUG :: No new updates found.
2024-09-24 14:29:43,509 DEBUG :: []
2024-09-24 14:29:43,509 DEBUG :: Exiting: get_updates
2024-09-24 14:29:43,509 DEBUG :: Entering: get_updates
2024-09-24 14:29:50,065 DEBUG :: Getting updates: [714709452]
2024-09-24 14:29:50,066 DEBUG :: [<telegram.update.Update object at 0x000002829BE21D08>]
2024-09-24 14:29:50,066 DEBUG :: Exiting: get_updates
2024-09-24 14:29:50,066 DEBUG :: Entering: get_updates
2024-09-24 14:29:50,066 DEBUG :: Processing Update: {'message': {'entities': [{'offset': 0, 'type': 'bot_command', 'length': 6}], 'delete_chat_photo': False, 'photo': [], 'chat': {'username': 'g00n3r21', 'type': 'private', 'id': 348165513, 'first_name': 'Oleksandr'}, 'date': 1727177390, 'new_chat_members': [], 'group_chat_created': False, 'new_chat_photo': [], 'caption_entities': [], 'supergroup_chat_created': False, 'channel_chat_created': False, 'text': '/start', 'message_id': 20, 'from': {'id': 348165513, 'username': 'g00n3r21', 'first_name': 'Oleksandr', 'language_code': 'en', 'is_bot': False}}, 'update_id': 714709452}
2024-09-24 14:30:00,114 DEBUG :: No new updates found.
2024-09-24 14:30:00,115 DEBUG :: []
2024-09-24 14:30:00,115 DEBUG :: Exiting: get_updates
2024-09-24 14:30:00,115 DEBUG :: Entering: get_updates
2024-09-24 14:30:10,163 DEBUG :: No new updates found.
2024-09-24 14:30:10,164 DEBUG :: []
2024-09-24 14:30:10,164 DEBUG :: Exiting: get_updates
2024-09-24 14:30:10,164 DEBUG :: Entering: get_updates
2024-09-24 14:30:13,447 INFO :: Received signal 2 (SIGINT), stopping...
2024-09-24 14:30:13,447 INFO :: Scheduler has been shut down
2024-09-24 14:30:13,447 DEBUG :: Looking for jobs to run
2024-09-24 14:30:13,447 DEBUG :: No jobs; waiting until a job is added
2024-09-24 14:30:13,448 DEBUG :: Stopping Updater and Dispatcher...
2024-09-24 14:30:13,448 DEBUG :: Requesting Dispatcher to stop...
2024-09-24 14:30:14,259 DEBUG :: orderly stopping
2024-09-24 14:30:14,259 DEBUG :: Dispatcher thread stopped
2024-09-24 14:30:14,259 DEBUG :: Bot:7246668520:dispatcher - ended
