2024-09-09 19:41:41,940 ERROR :: Error while making GET request to /fapi/v1/account: {'code': -5000, 'msg': 'GET /fapi/v1/account is retired, please use GET /fapi/v2/account'} (error code 400)
2024-09-09 19:41:41,942 INFO :: Binance Futures Client successfully initialized
2024-09-09 19:41:53,300 ERROR :: Error while making GET request to /api/v1/instrument/active: {'error': {'message': 'Missing authorization headers: api-key', 'name': 'HTTPError'}} (error code 401)
2024-09-09 19:41:53,560 ERROR :: Error while making GET request to /api/v1/user/margin: {'error': {'message': 'Missing authorization headers: api-key', 'name': 'HTTPError'}} (error code 401)
2024-09-09 19:41:53,561 INFO :: Bitmex Client successfully initialized
2024-09-09 19:41:54,053 INFO :: Bitmex connection opened
2024-09-09 19:41:54,223 INFO :: Binance connection opened
2024-09-09 19:41:55,439 INFO :: Saved 1000 candles to historical_candles.csv
2024-09-24 14:30:21,733 ERROR :: Error while making GET request to /fapi/v1/account: {'code': -5000, 'msg': 'GET /fapi/v1/account is retired, please use GET /fapi/v2/account'} (error code 400)
2024-09-24 14:30:21,736 INFO :: Binance Futures Client successfully initialized
2024-09-24 14:30:22,171 ERROR :: Error while making GET request to /api/v1/instrument/active: {'error': {'message': 'Missing authorization headers: api-key', 'name': 'HTTPError'}} (error code 401)
2024-09-24 14:30:22,432 ERROR :: Error while making GET request to /api/v1/user/margin: {'error': {'message': 'Missing authorization headers: api-key', 'name': 'HTTPError'}} (error code 401)
2024-09-24 14:30:22,433 INFO :: Bitmex Client successfully initialized
2024-09-24 14:30:23,228 INFO :: Binance connection opened
2024-09-24 14:30:23,529 INFO :: Bitmex connection opened
2024-09-27 23:05:00,384 ERROR :: Error while making GET request to /fapi/v1/account: {'code': -5000, 'msg': 'GET /fapi/v1/account is retired, please use GET /fapi/v2/account'} (error code 400)
2024-09-27 23:05:00,387 INFO :: Binance Futures Client successfully initialized
2024-09-27 23:05:00,968 ERROR :: Error while making GET request to /api/v1/instrument/active: {'error': {'message': 'Missing authorization headers: api-key', 'name': 'HTTPError'}} (error code 401)
2024-09-27 23:05:01,299 ERROR :: Error while making GET request to /api/v1/user/margin: {'error': {'message': 'Missing authorization headers: api-key', 'name': 'HTTPError'}} (error code 401)
2024-09-27 23:05:01,302 INFO :: Bitmex Client successfully initialized
2024-09-27 23:05:02,215 INFO :: Binance connection opened
2024-09-27 23:05:02,774 INFO :: Bitmex connection opened
2024-10-23 00:25:48,477 ERROR :: Error while making GET request to /fapi/v1/account: {'code': -5000, 'msg': 'GET /fapi/v1/account is retired, please use GET /fapi/v2/account'} (error code 400)
2024-10-23 00:25:48,479 INFO :: Binance Futures Client successfully initialized
2024-10-23 00:25:48,862 ERROR :: Error while making GET request to /api/v1/instrument/active: {'error': {'message': 'Missing authorization headers: api-key', 'name': 'HTTPError'}} (error code 401)
2024-10-23 00:25:49,010 ERROR :: Error while making GET request to /api/v1/user/margin: {'error': {'message': 'Missing authorization headers: api-key', 'name': 'HTTPError'}} (error code 401)
2024-10-23 00:25:49,011 INFO :: Bitmex Client successfully initialized
2024-10-23 00:25:49,908 INFO :: Binance connection opened
2024-10-23 00:25:50,030 INFO :: Bitmex connection opened
2024-11-03 14:25:10,145 ERROR :: Error while making GET request to /fapi/v1/account: {'code': -5000, 'msg': 'GET /fapi/v1/account is retired, please use GET /fapi/v2/account'} (error code 400)
2024-11-03 14:25:10,147 INFO :: Binance Futures Client successfully initialized
2024-11-03 14:25:10,527 ERROR :: Error while making GET request to /api/v1/instrument/active: {'error': {'message': 'Missing authorization headers: api-key', 'name': 'HTTPError'}} (error code 401)
2024-11-03 14:25:10,801 ERROR :: Error while making GET request to /api/v1/user/margin: {'error': {'message': 'Missing authorization headers: api-key', 'name': 'HTTPError'}} (error code 401)
2024-11-03 14:25:10,803 INFO :: Bitmex Client successfully initialized
2024-11-03 14:25:11,736 INFO :: Binance connection opened
2024-11-03 14:25:12,043 INFO :: Bitmex connection opened
2024-11-03 18:38:01,955 ERROR :: Bitmex connection error: Connection is already closed.
2024-11-03 18:38:01,956 WARNING :: Bitmex Websocket connection closed
2024-11-03 18:38:04,670 INFO :: Bitmex connection opened
2024-11-03 18:51:38,375 ERROR :: Bitmex connection error: Connection is already closed.
2024-11-03 18:51:38,375 WARNING :: Bitmex Websocket connection closed
2024-11-03 18:51:41,002 INFO :: Bitmex connection opened
2024-11-24 13:54:36,456 ERROR :: Error while making GET request to /fapi/v1/account: {'code': -5000, 'msg': 'GET /fapi/v1/account is retired, please use GET /fapi/v2/account'} (error code 400)
2024-11-24 13:54:36,458 INFO :: Binance Futures Client successfully initialized
2024-11-24 13:54:36,872 ERROR :: Error while making GET request to /api/v1/instrument/active: {'error': {'message': 'Missing authorization headers: api-key', 'name': 'HTTPError'}} (error code 401)
2024-11-24 13:54:37,121 ERROR :: Error while making GET request to /api/v1/user/margin: {'error': {'message': 'Missing authorization headers: api-key', 'name': 'HTTPError'}} (error code 401)
2024-11-24 13:54:37,123 INFO :: Bitmex Client successfully initialized
2024-11-24 13:54:37,981 INFO :: Binance connection opened
2024-11-24 13:54:38,058 INFO :: Bitmex connection opened
2024-11-24 13:57:19,156 ERROR :: Error while making GET request to /fapi/v1/account: {'code': -5000, 'msg': 'GET /fapi/v1/account is retired, please use GET /fapi/v2/account'} (error code 400)
2024-11-24 13:57:19,159 INFO :: Binance Futures Client successfully initialized
2024-11-24 13:57:19,879 ERROR :: Error while making GET request to /api/v1/instrument/active: {'error': {'message': 'Missing authorization headers: api-key', 'name': 'HTTPError'}} (error code 401)
2024-11-24 13:57:20,161 ERROR :: Error while making GET request to /api/v1/user/margin: {'error': {'message': 'Missing authorization headers: api-key', 'name': 'HTTPError'}} (error code 401)
2024-11-24 13:57:20,163 INFO :: Bitmex Client successfully initialized
2024-11-24 13:57:20,339 INFO :: Binance connection opened
2024-11-24 13:57:20,636 INFO :: Bitmex connection opened
2024-11-24 14:03:44,160 ERROR :: Error while making GET request to /fapi/v1/account: {'code': -5000, 'msg': 'GET /fapi/v1/account is retired, please use GET /fapi/v2/account'} (error code 400)
2024-11-24 14:03:44,163 INFO :: Binance Futures Client successfully initialized
2024-11-24 14:03:44,744 ERROR :: Error while making GET request to /api/v1/instrument/active: {'error': {'message': 'Missing authorization headers: api-key', 'name': 'HTTPError'}} (error code 401)
2024-11-24 14:03:45,036 ERROR :: Error while making GET request to /api/v1/user/margin: {'error': {'message': 'Missing authorization headers: api-key', 'name': 'HTTPError'}} (error code 401)
2024-11-24 14:03:45,037 INFO :: Bitmex Client successfully initialized
2024-11-24 14:03:45,487 INFO :: Binance connection opened
2024-11-24 14:03:45,623 INFO :: Bitmex connection opened
2024-11-24 14:16:54,535 WARNING :: Binance Websocket connection closed
2024-11-24 14:16:57,749 INFO :: Binance connection opened
2024-11-24 14:36:49,294 WARNING :: Binance Websocket connection closed
2024-11-24 14:36:52,646 INFO :: Binance connection opened
